<?xml version="1.0" encoding="UTF-8"?>
<testsuite xmlns:xsi="http://www.w3.org/2001/XMLSchema-instance" xsi:noNamespaceSchemaLocation="https://maven.apache.org/surefire/maven-surefire-plugin/xsd/surefire-test-report.xsd" version="3.0.2" name="com.nhnacademy.springminidooray.SpringMiniDoorayApplicationTests" time="1.46" tests="1" errors="0" skipped="0" failures="0">
  <properties>
[...]
</properties>
  <testcase name="contextLoads" classname="com.nhnacademy.springminidooray.SpringMiniDoorayApplicationTests" time="0.349">
    <system-out><![CDATA[20:51:25.193 [main] INFO org.springframework.test.context.support.AnnotationConfigContextLoaderUtils -- Could not detect default configuration classes for test class [com.nhnacademy.springminidooray.SpringMiniDoorayApplicationTests]: SpringMiniDoorayApplicationTests does not declare any static, non-private, non-final, nested classes annotated with @Configuration.
20:51:25.242 [main] INFO org.springframework.boot.test.context.SpringBootTestContextBootstrapper -- Found @SpringBootConfiguration com.nhnacademy.springminidooray.SpringMiniDoorayApplication for test class com.nhnacademy.springminidooray.SpringMiniDoorayApplicationTests

  .   ____          _            __ _ _
 /\\ / ___'_ __ _ _(_)_ __  __ _ \ \ \ \
( ( )\___ | '_ | '_| | '_ \/ _` | \ \ \ \
 \\/  ___)| |_)| | | | | || (_| |  ) ) ) )
  '  |____| .__|_| |_|_| |_\__, | / / / /
 =========|_|==============|___/=/_/_/_/

 :: Spring Boot ::                (v3.5.7)

2025-11-10T20:51:25.404+09:00  INFO 33441 --- [spring-miniDooray] [           main] c.n.s.SpringMiniDoorayApplicationTests   : Starting SpringMiniDoorayApplicationTests using Java 21.0.8 with PID 33441 (started by c-n49 in /Users/c-n49/Desktop/nhnYR/Spring-JPA/Mini-Dooray5/minidooray-team5-gateway)
2025-11-10T20:51:25.405+09:00  INFO 33441 --- [spring-miniDooray] [           main] c.n.s.SpringMiniDoorayApplicationTests   : No active profile set, falling back to 1 default profile: "default"
2025-11-10T20:51:25.664+09:00  INFO 33441 --- [spring-miniDooray] [           main] .s.d.r.c.RepositoryConfigurationDelegate : Multiple Spring Data modules found, entering strict repository configuration mode
2025-11-10T20:51:25.665+09:00  INFO 33441 --- [spring-miniDooray] [           main] .s.d.r.c.RepositoryConfigurationDelegate : Bootstrapping Spring Data Redis repositories in DEFAULT mode.
2025-11-10T20:51:25.680+09:00  INFO 33441 --- [spring-miniDooray] [           main] .s.d.r.c.RepositoryConfigurationDelegate : Finished Spring Data repository scanning in 7 ms. Found 0 Redis repository interfaces.
2025-11-10T20:51:26.009+09:00  INFO 33441 --- [spring-miniDooray] [           main] eAuthenticationProviderManagerConfigurer : Global AuthenticationManager configured with AuthenticationProvider bean with name daoAuthenticationProvider
2025-11-10T20:51:26.010+09:00  WARN 33441 --- [spring-miniDooray] [           main] r$InitializeUserDetailsManagerConfigurer : Global AuthenticationManager configured with an AuthenticationProvider bean. UserDetailsService beans will not be used by Spring Security for automatically configuring username/password login. Consider removing the AuthenticationProvider bean. Alternatively, consider using the UserDetailsService in a manually instantiated DaoAuthenticationProvider. If the current configuration is intentional, to turn off this warning, increase the logging level of 'org.springframework.security.config.annotation.authentication.configuration.InitializeUserDetailsBeanManagerConfigurer' to ERROR
2025-11-10T20:51:26.229+09:00  INFO 33441 --- [spring-miniDooray] [           main] c.n.s.SpringMiniDoorayApplicationTests   : Started SpringMiniDoorayApplicationTests in 0.929 seconds (process running for 1.3)
]]></system-out>
    <system-err><![CDATA[Mockito is currently self-attaching to enable the inline-mock-maker. This will no longer work in future releases of the JDK. Please add Mockito as an agent to your build as described in Mockito's documentation: https://javadoc.io/doc/org.mockito/mockito-core/latest/org.mockito/org/mockito/Mockito.html#0.3
WARNING: A Java agent has been loaded dynamically (/Users/c-n49/.m2/repository/net/bytebuddy/byte-buddy-agent/1.17.8/byte-buddy-agent-1.17.8.jar)
WARNING: If a serviceability tool is in use, please run with -XX:+EnableDynamicAgentLoading to hide this warning
WARNING: If a serviceability tool is not in use, please run with -Djdk.instrument.traceUsage for more information
WARNING: Dynamic loading of agents will be disallowed by default in a future release
]]></system-err>
  </testcase>
</testsuite>